01:48:54 **** Rebuild of configuration Debug for project matrisTarea ****
Info: Internal Builder is used for build
gcc -O0 -g3 -Wall -c -fmessage-length=0 -o "src\\matrisTarea.o" "..\\src\\matrisTarea.c" 
..\src\matrisTarea.c: In function 'main':
..\src\matrisTarea.c:61:21: warning: implicit declaration of function 'calcularPromedios' [-Wimplicit-function-declaration]
   61 |                     calcularPromedios(notas1,notas2,promedios,TAM);
      |                     ^~~~~~~~~~~~~~~~~
..\src\matrisTarea.c: In function 'ordenarAlumnosNombre':
..\src\matrisTarea.c:229:32: warning: passing argument 1 of 'swapString' from incompatible pointer type [-Wincompatible-pointer-types]
  229 |                     swapString(&nombres[i],&nombres[j]);
      |                                ^~~~~~~~~~~
      |                                |
      |                                char (*)[20]
..\src\matrisTarea.c:168:24: note: expected 'char *' but argument is of type 'char (*)[20]'
  168 | void swapString (char* n1,char* n2){
      |                  ~~~~~~^~
..\src\matrisTarea.c:229:44: warning: passing argument 2 of 'swapString' from incompatible pointer type [-Wincompatible-pointer-types]
  229 |                     swapString(&nombres[i],&nombres[j]);
      |                                            ^~~~~~~~~~~
      |                                            |
      |                                            char (*)[20]
..\src\matrisTarea.c:168:33: note: expected 'char *' but argument is of type 'char (*)[20]'
  168 | void swapString (char* n1,char* n2){
      |                           ~~~~~~^~
..\src\matrisTarea.c: In function 'ordenarAlumnosLeg':
..\src\matrisTarea.c:250:32: warning: passing argument 1 of 'swapString' from incompatible pointer type [-Wincompatible-pointer-types]
  250 |                     swapString(&nombres[i],&nombres[j]);
      |                                ^~~~~~~~~~~
      |                                |
      |                                char (*)[20]
..\src\matrisTarea.c:168:24: note: expected 'char *' but argument is of type 'char (*)[20]'
  168 | void swapString (char* n1,char* n2){
      |                  ~~~~~~^~
..\src\matrisTarea.c:250:44: warning: passing argument 2 of 'swapString' from incompatible pointer type [-Wincompatible-pointer-types]
  250 |                     swapString(&nombres[i],&nombres[j]);
      |                                            ^~~~~~~~~~~
      |                                            |
      |                                            char (*)[20]
..\src\matrisTarea.c:168:33: note: expected 'char *' but argument is of type 'char (*)[20]'
  168 | void swapString (char* n1,char* n2){
      |                           ~~~~~~^~
..\src\matrisTarea.c: In function 'ordenarAlumnosSexo':
..\src\matrisTarea.c:272:32: warning: passing argument 1 of 'swapString' from incompatible pointer type [-Wincompatible-pointer-types]
  272 |                     swapString(&nombres[i],&nombres[j]);
      |                                ^~~~~~~~~~~
      |                                |
      |                                char (*)[20]
..\src\matrisTarea.c:168:24: note: expected 'char *' but argument is of type 'char (*)[20]'
  168 | void swapString (char* n1,char* n2){
      |                  ~~~~~~^~
..\src\matrisTarea.c:272:44: warning: passing argument 2 of 'swapString' from incompatible pointer type [-Wincompatible-pointer-types]
  272 |                     swapString(&nombres[i],&nombres[j]);
      |                                            ^~~~~~~~~~~
      |                                            |
      |                                            char (*)[20]
..\src\matrisTarea.c:168:33: note: expected 'char *' but argument is of type 'char (*)[20]'
  168 | void swapString (char* n1,char* n2){
      |                           ~~~~~~^~
..\src\matrisTarea.c: In function 'ordenarAlumnosPromedio':
..\src\matrisTarea.c:293:32: warning: passing argument 1 of 'swapString' from incompatible pointer type [-Wincompatible-pointer-types]
  293 |                     swapString(&nombres[i],&nombres[j]);
      |                                ^~~~~~~~~~~
      |                                |
      |                                char (*)[20]
..\src\matrisTarea.c:168:24: note: expected 'char *' but argument is of type 'char (*)[20]'
  168 | void swapString (char* n1,char* n2){
      |                  ~~~~~~^~
..\src\matrisTarea.c:293:44: warning: passing argument 2 of 'swapString' from incompatible pointer type [-Wincompatible-pointer-types]
  293 |                     swapString(&nombres[i],&nombres[j]);
      |                                            ^~~~~~~~~~~
      |                                            |
      |                                            char (*)[20]
..\src\matrisTarea.c:168:33: note: expected 'char *' but argument is of type 'char (*)[20]'
  168 | void swapString (char* n1,char* n2){
      |                           ~~~~~~^~
gcc -o matrisTarea.exe "src\\matrisTarea.o" 

01:48:55 Build Finished. 0 errors, 9 warnings. (took 1s.1ms)

